<?xml version="1.0" encoding="UTF-8"?>
<!-- Generated by org.testng.reporters.JUnitReportReporter -->
<testsuite hostname="Krishnas-MacBook-Air.local" failures="0" tests="1" name="rahulshettyacademy.extentreport.ExtentReportDemo" time="4.597" errors="0" timestamp="2024-09-27T03:53:54 IST" skipped="0">
  <testcase classname="rahulshettyacademy.extentreport.ExtentReportDemo" name="initialDemo" time="4.597"/>
</testsuite> <!-- rahulshettyacademy.extentreport.ExtentReportDemo -->
